0 info it worked if it ends with ok
1 verbose cli [ '/Users/jschofie/.nvm/versions/node/v6.11.3/bin/node',
1 verbose cli   '/Users/jschofie/.nvm/versions/node/v6.11.3/bin/npm',
1 verbose cli   'run',
1 verbose cli   'watch' ]
2 info using npm@3.10.10
3 info using node@v6.11.3
4 verbose run-script [ 'prewatch', 'watch', 'postwatch' ]
5 info lifecycle guty-blocks@1.0.0~prewatch: guty-blocks@1.0.0
6 silly lifecycle guty-blocks@1.0.0~prewatch: no script for prewatch, continuing
7 info lifecycle guty-blocks@1.0.0~watch: guty-blocks@1.0.0
8 verbose lifecycle guty-blocks@1.0.0~watch: unsafe-perm in lifecycle true
9 verbose lifecycle guty-blocks@1.0.0~watch: PATH: /Users/jschofie/.nvm/versions/node/v6.11.3/lib/node_modules/npm/bin/node-gyp-bin:/Users/jschofie/Local Sites/guty/app/public/wp-content/plugins/guty-blocks/node_modules/.bin:/Users/jschofie/.rvm/gems/ruby-2.4.1/bin:/Users/jschofie/.rvm/gems/ruby-2.4.1@global/bin:/Users/jschofie/.rvm/rubies/ruby-2.4.1/bin:/Users/jschofie/anaconda3/bin:/Users/jschofie/.nvm/versions/node/v6.11.3/bin:/usr/local/bin:/usr/bin:/bin:/usr/sbin:/sbin:/Applications/VMware Fusion.app/Contents/Public:/Users/jschofie/.rvm/gems/ruby-2.4.1/bin:/Users/jschofie/.rvm/gems/ruby-2.4.1@global/bin:/Users/jschofie/.rvm/rubies/ruby-2.4.1/bin:/Users/jschofie/anaconda3/bin:/Users/jschofie/.rvm/bin:/Users/jschofie/.rvm/bin
10 verbose lifecycle guty-blocks@1.0.0~watch: CWD: /Users/jschofie/Local Sites/guty/app/public/wp-content/plugins/guty-blocks
11 silly lifecycle guty-blocks@1.0.0~watch: Args: [ '-c', 'node_modules/webpack/bin/webpack.js --watch' ]
12 silly lifecycle guty-blocks@1.0.0~watch: Returned: code: 1  signal: null
13 info lifecycle guty-blocks@1.0.0~watch: Failed to exec watch script
14 verbose stack Error: guty-blocks@1.0.0 watch: `node_modules/webpack/bin/webpack.js --watch`
14 verbose stack Exit status 1
14 verbose stack     at EventEmitter.<anonymous> (/Users/jschofie/.nvm/versions/node/v6.11.3/lib/node_modules/npm/lib/utils/lifecycle.js:255:16)
14 verbose stack     at emitTwo (events.js:106:13)
14 verbose stack     at EventEmitter.emit (events.js:191:7)
14 verbose stack     at ChildProcess.<anonymous> (/Users/jschofie/.nvm/versions/node/v6.11.3/lib/node_modules/npm/lib/utils/spawn.js:40:14)
14 verbose stack     at emitTwo (events.js:106:13)
14 verbose stack     at ChildProcess.emit (events.js:191:7)
14 verbose stack     at maybeClose (internal/child_process.js:920:16)
14 verbose stack     at Process.ChildProcess._handle.onexit (internal/child_process.js:230:5)
15 verbose pkgid guty-blocks@1.0.0
16 verbose cwd /Users/jschofie/Local Sites/guty/app/public/wp-content/plugins/guty-blocks
17 error Darwin 17.4.0
18 error argv "/Users/jschofie/.nvm/versions/node/v6.11.3/bin/node" "/Users/jschofie/.nvm/versions/node/v6.11.3/bin/npm" "run" "watch"
19 error node v6.11.3
20 error npm  v3.10.10
21 error code ELIFECYCLE
22 error guty-blocks@1.0.0 watch: `node_modules/webpack/bin/webpack.js --watch`
22 error Exit status 1
23 error Failed at the guty-blocks@1.0.0 watch script 'node_modules/webpack/bin/webpack.js --watch'.
23 error Make sure you have the latest version of node.js and npm installed.
23 error If you do, this is most likely a problem with the guty-blocks package,
23 error not with npm itself.
23 error Tell the author that this fails on your system:
23 error     node_modules/webpack/bin/webpack.js --watch
23 error You can get information on how to open an issue for this project with:
23 error     npm bugs guty-blocks
23 error Or if that isn't available, you can get their info via:
23 error     npm owner ls guty-blocks
23 error There is likely additional logging output above.
24 verbose exit [ 1, true ]
